3:12:24 PM  [main] 	Initializing Control Panel
3:12:24 PM  [main] 	Windows Version:  Enterprise  64-bit
3:12:24 PM  [main] 	XAMPP Version: 7.2.26
3:12:24 PM  [main] 	Control Panel Version: 3.2.4  [ Compiled: Jun 5th 2019 ]
3:12:24 PM  [main] 	You are not running with administrator rights! This will work for
3:12:24 PM  [main] 	most application stuff but whenever you do something with services
3:12:24 PM  [main] 	there will be a security dialogue or things will break! So think 
3:12:24 PM  [main] 	about running this application with administrator rights!
3:12:24 PM  [main] 	XAMPP Installation Directory: "c:\xam\"
3:12:24 PM  [main] 	Checking for prerequisites
3:12:29 PM  [main] 	All prerequisites found
3:12:29 PM  [main] 	Initializing Modules
3:12:29 PM  [Apache] 	Problem detected!
3:12:29 PM  [Apache] 	Port 80 in use by "Unable to open process" with PID 4!
3:12:29 PM  [Apache] 	Apache WILL NOT start without the configured ports free!
3:12:29 PM  [Apache] 	You need to uninstall/disable/reconfigure the blocking application
3:12:29 PM  [Apache] 	or reconfigure Apache and the Control Panel to listen on a different port
3:12:29 PM  [main] 	Starting Check-Timer
3:12:29 PM  [main] 	Control Panel Ready
3:13:37 PM  [Apache] 	Problem detected!
3:13:37 PM  [Apache] 	Port 80 in use by "Unable to open process" with PID 4!
3:13:37 PM  [Apache] 	Apache WILL NOT start without the configured ports free!
3:13:37 PM  [Apache] 	You need to uninstall/disable/reconfigure the blocking application
3:13:37 PM  [Apache] 	or reconfigure Apache and the Control Panel to listen on a different port
3:13:37 PM  [Apache] 	Attempting to start Apache app...
3:13:37 PM  [Apache] 	Status change detected: running
3:15:52 PM  [mysql] 	Attempting to start MySQL app...
3:15:52 PM  [mysql] 	Status change detected: running
4:37:52 PM  [mysql] 	Attempting to stop MySQL app...
4:37:52 PM  [mysql] 	Status change detected: stopped
4:37:53 PM  [Apache] 	Attempting to stop Apache (PID: 14980)
4:37:53 PM  [Apache] 	Attempting to stop Apache (PID: 9076)
4:37:53 PM  [Apache] 	Status change detected: stopped
3:34:48 AM  [main] 	Deinitializing Modules
3:34:48 AM  [main] 	Deinitializing Control Panel

1:37:54 PM  [main] 	Initializing Control Panel
1:37:54 PM  [main] 	Windows Version:  Enterprise  64-bit
1:37:54 PM  [main] 	XAMPP Version: 7.2.26
1:37:54 PM  [main] 	Control Panel Version: 3.2.4  [ Compiled: Jun 5th 2019 ]
1:37:54 PM  [main] 	You are not running with administrator rights! This will work for
1:37:55 PM  [main] 	most application stuff but whenever you do something with services
1:37:55 PM  [main] 	there will be a security dialogue or things will break! So think 
1:37:55 PM  [main] 	about running this application with administrator rights!
1:37:55 PM  [main] 	XAMPP Installation Directory: "c:\xam\"
1:37:55 PM  [main] 	Checking for prerequisites
1:38:04 PM  [main] 	All prerequisites found
1:38:04 PM  [main] 	Initializing Modules
1:38:04 PM  [Apache] 	Problem detected!
1:38:04 PM  [Apache] 	Port 80 in use by "Unable to open process" with PID 4!
1:38:04 PM  [Apache] 	Apache WILL NOT start without the configured ports free!
1:38:04 PM  [Apache] 	You need to uninstall/disable/reconfigure the blocking application
1:38:04 PM  [Apache] 	or reconfigure Apache and the Control Panel to listen on a different port
1:38:04 PM  [main] 	Starting Check-Timer
1:38:04 PM  [main] 	Control Panel Ready
1:38:31 PM  [Apache] 	Problem detected!
1:38:31 PM  [Apache] 	Port 80 in use by "Unable to open process" with PID 4!
1:38:31 PM  [Apache] 	Apache WILL NOT start without the configured ports free!
1:38:31 PM  [Apache] 	You need to uninstall/disable/reconfigure the blocking application
1:38:31 PM  [Apache] 	or reconfigure Apache and the Control Panel to listen on a different port
1:38:31 PM  [Apache] 	Attempting to start Apache app...
1:38:31 PM  [Apache] 	Status change detected: running
1:38:33 PM  [mysql] 	Attempting to start MySQL app...
1:38:33 PM  [mysql] 	Status change detected: running
3:36:12 PM  [Apache] 	Attempting to stop Apache (PID: 2356)
3:36:12 PM  [Apache] 	Attempting to stop Apache (PID: 14556)
3:36:12 PM  [Apache] 	Status change detected: stopped
3:36:12 PM  [mysql] 	Attempting to stop MySQL app...
3:36:13 PM  [mysql] 	Status change detected: stopped
3:36:19 PM  [Apache] 	Problem detected!
3:36:19 PM  [Apache] 	Port 80 in use by "Unable to open process" with PID 4!
3:36:19 PM  [Apache] 	Apache WILL NOT start without the configured ports free!
3:36:19 PM  [Apache] 	You need to uninstall/disable/reconfigure the blocking application
3:36:19 PM  [Apache] 	or reconfigure Apache and the Control Panel to listen on a different port
3:36:19 PM  [Apache] 	Attempting to start Apache app...
3:36:19 PM  [Apache] 	Status change detected: running
3:36:19 PM  [mysql] 	Attempting to start MySQL app...
3:36:20 PM  [mysql] 	Status change detected: running
3:38:32 PM  [Apache] 	Attempting to stop Apache (PID: 7472)
3:38:32 PM  [Apache] 	Attempting to stop Apache (PID: 13172)
3:38:32 PM  [Apache] 	Status change detected: stopped
3:38:32 PM  [mysql] 	Attempting to stop MySQL app...
3:38:33 PM  [mysql] 	Status change detected: stopped
3:38:46 PM  [Apache] 	Problem detected!
3:38:46 PM  [Apache] 	Port 80 in use by "Unable to open process" with PID 4!
3:38:46 PM  [Apache] 	Apache WILL NOT start without the configured ports free!
3:38:46 PM  [Apache] 	You need to uninstall/disable/reconfigure the blocking application
3:38:46 PM  [Apache] 	or reconfigure Apache and the Control Panel to listen on a different port
3:38:46 PM  [Apache] 	Attempting to start Apache app...
3:38:47 PM  [Apache] 	Status change detected: running
3:38:47 PM  [mysql] 	Attempting to start MySQL app...
3:38:47 PM  [mysql] 	Status change detected: running
9:56:05 PM  [Apache] 	Attempting to stop Apache (PID: 7696)
9:56:05 PM  [Apache] 	Attempting to stop Apache (PID: 8688)
9:56:05 PM  [mysql] 	Attempting to stop MySQL app...
9:56:05 PM  [Apache] 	Status change detected: stopped
9:56:06 PM  [mysql] 	Status change detected: stopped
9:56:32 PM  [main] 	Deinitializing Modules
9:56:32 PM  [main] 	Deinitializing Control Panel

12:22:46 AM  [main] 	Initializing Control Panel
12:22:46 AM  [main] 	Windows Version:  Enterprise  64-bit
12:22:46 AM  [main] 	XAMPP Version: 7.2.26
12:22:46 AM  [main] 	Control Panel Version: 3.2.4  [ Compiled: Jun 5th 2019 ]
12:22:46 AM  [main] 	You are not running with administrator rights! This will work for
12:22:46 AM  [main] 	most application stuff but whenever you do something with services
12:22:46 AM  [main] 	there will be a security dialogue or things will break! So think 
12:22:46 AM  [main] 	about running this application with administrator rights!
12:22:46 AM  [main] 	XAMPP Installation Directory: "c:\xam\"
12:22:46 AM  [main] 	Checking for prerequisites
12:23:51 AM  [main] 	All prerequisites found
12:23:51 AM  [main] 	Initializing Modules
12:23:52 AM  [Apache] 	Problem detected!
12:23:52 AM  [Apache] 	Port 80 in use by "Unable to open process" with PID 4!
12:23:52 AM  [Apache] 	Apache WILL NOT start without the configured ports free!
12:23:52 AM  [Apache] 	You need to uninstall/disable/reconfigure the blocking application
12:23:52 AM  [Apache] 	or reconfigure Apache and the Control Panel to listen on a different port
12:23:52 AM  [main] 	Starting Check-Timer
12:23:52 AM  [main] 	Control Panel Ready
12:27:27 AM  [Apache] 	Problem detected!
12:27:27 AM  [Apache] 	Port 80 in use by "Unable to open process" with PID 4!
12:27:27 AM  [Apache] 	Apache WILL NOT start without the configured ports free!
12:27:27 AM  [Apache] 	You need to uninstall/disable/reconfigure the blocking application
12:27:27 AM  [Apache] 	or reconfigure Apache and the Control Panel to listen on a different port
12:27:27 AM  [Apache] 	Attempting to start Apache app...
12:27:27 AM  [Apache] 	Status change detected: running
12:27:28 AM  [mysql] 	Attempting to start MySQL app...
12:27:28 AM  [mysql] 	Status change detected: running
12:34:48 AM  [mysql] 	Attempting to stop MySQL app...
12:34:48 AM  [mysql] 	Status change detected: stopped
12:34:48 AM  [Apache] 	Attempting to stop Apache (PID: 13920)
12:34:49 AM  [Apache] 	Attempting to stop Apache (PID: 12920)
12:34:49 AM  [Apache] 	Status change detected: stopped
8:37:59 AM  [Apache] 	Problem detected!
8:37:59 AM  [Apache] 	Port 80 in use by "Unable to open process" with PID 4!
8:37:59 AM  [Apache] 	Apache WILL NOT start without the configured ports free!
8:37:59 AM  [Apache] 	You need to uninstall/disable/reconfigure the blocking application
8:37:59 AM  [Apache] 	or reconfigure Apache and the Control Panel to listen on a different port
8:37:59 AM  [Apache] 	Attempting to start Apache app...
8:38:00 AM  [Apache] 	Status change detected: running
8:38:00 AM  [mysql] 	Attempting to start MySQL app...
8:38:01 AM  [mysql] 	Status change detected: running
10:38:57 AM  [Apache] 	Status change detected: stopped
10:38:57 AM  [Apache] 	Error: Apache shutdown unexpectedly.
10:38:57 AM  [Apache] 	This may be due to a blocked port, missing dependencies, 
10:38:57 AM  [Apache] 	improper privileges, a crash, or a shutdown by another method.
10:38:57 AM  [Apache] 	Press the Logs button to view error logs and check
10:38:57 AM  [Apache] 	the Windows Event Viewer for more clues
10:38:57 AM  [Apache] 	If you need more help, copy and post this
10:38:57 AM  [Apache] 	entire log window on the forums
10:38:57 AM  [mysql] 	Status change detected: stopped
10:38:57 AM  [mysql] 	Error: MySQL shutdown unexpectedly.
10:38:57 AM  [mysql] 	This may be due to a blocked port, missing dependencies, 
10:38:57 AM  [mysql] 	improper privileges, a crash, or a shutdown by another method.
10:38:57 AM  [mysql] 	Press the Logs button to view error logs and check
10:38:57 AM  [mysql] 	the Windows Event Viewer for more clues
10:38:57 AM  [mysql] 	If you need more help, copy and post this
10:38:57 AM  [mysql] 	entire log window on the forums
10:39:03 AM  [main] 	Deinitializing Modules
10:39:03 AM  [main] 	Deinitializing Control Panel

10:29:54 PM  [main] 	Initializing Control Panel
10:29:54 PM  [main] 	Windows Version:  Enterprise  64-bit
10:29:54 PM  [main] 	XAMPP Version: 7.2.26
10:29:54 PM  [main] 	Control Panel Version: 3.2.4  [ Compiled: Jun 5th 2019 ]
10:29:54 PM  [main] 	You are not running with administrator rights! This will work for
10:29:54 PM  [main] 	most application stuff but whenever you do something with services
10:29:54 PM  [main] 	there will be a security dialogue or things will break! So think 
10:29:54 PM  [main] 	about running this application with administrator rights!
10:29:54 PM  [main] 	XAMPP Installation Directory: "c:\xam\"
10:29:54 PM  [main] 	Checking for prerequisites
10:29:55 PM  [main] 	All prerequisites found
10:29:55 PM  [main] 	Initializing Modules
10:29:55 PM  [Apache] 	Problem detected!
10:29:55 PM  [Apache] 	Port 80 in use by "Unable to open process" with PID 4!
10:29:55 PM  [Apache] 	Apache WILL NOT start without the configured ports free!
10:29:55 PM  [Apache] 	You need to uninstall/disable/reconfigure the blocking application
10:29:55 PM  [Apache] 	or reconfigure Apache and the Control Panel to listen on a different port
10:29:55 PM  [main] 	Starting Check-Timer
10:29:55 PM  [main] 	Control Panel Ready
10:30:51 PM  [Apache] 	Problem detected!
10:30:51 PM  [Apache] 	Port 80 in use by "Unable to open process" with PID 4!
10:30:51 PM  [Apache] 	Apache WILL NOT start without the configured ports free!
10:30:51 PM  [Apache] 	You need to uninstall/disable/reconfigure the blocking application
10:30:51 PM  [Apache] 	or reconfigure Apache and the Control Panel to listen on a different port
10:30:51 PM  [Apache] 	Attempting to start Apache app...
10:30:51 PM  [Apache] 	Status change detected: running
10:30:52 PM  [mysql] 	Attempting to start MySQL app...
10:30:52 PM  [mysql] 	Status change detected: running
11:51:19 PM  [Apache] 	Attempting to stop Apache (PID: 10900)
11:51:19 PM  [Apache] 	Attempting to stop Apache (PID: 15108)
11:51:19 PM  [Apache] 	Status change detected: stopped
11:51:19 PM  [mysql] 	Attempting to stop MySQL app...
11:51:20 PM  [mysql] 	Status change detected: stopped
1:59:54 PM  [Apache] 	Status change detected: running
1:59:55 PM  [mysql] 	Status change detected: running
3:48:26 PM  [Apache] 	Status change detected: stopped
3:48:27 PM  [mysql] 	Status change detected: stopped
7:55:45 PM  [main] 	Deinitializing Modules
7:55:45 PM  [main] 	Deinitializing Control Panel

1:59:52 PM  [main] 	Initializing Control Panel
1:59:52 PM  [main] 	Windows Version:  Enterprise  64-bit
1:59:52 PM  [main] 	XAMPP Version: 7.2.26
1:59:52 PM  [main] 	Control Panel Version: 3.2.4  [ Compiled: Jun 5th 2019 ]
1:59:52 PM  [main] 	You are not running with administrator rights! This will work for
1:59:52 PM  [main] 	most application stuff but whenever you do something with services
1:59:52 PM  [main] 	there will be a security dialogue or things will break! So think 
1:59:52 PM  [main] 	about running this application with administrator rights!
1:59:52 PM  [main] 	XAMPP Installation Directory: "c:\xam\"
1:59:52 PM  [main] 	Checking for prerequisites
1:59:52 PM  [main] 	All prerequisites found
1:59:52 PM  [main] 	Initializing Modules
1:59:52 PM  [Apache] 	Problem detected!
1:59:52 PM  [Apache] 	Port 80 in use by "Unable to open process" with PID 4!
1:59:52 PM  [Apache] 	Apache WILL NOT start without the configured ports free!
1:59:52 PM  [Apache] 	You need to uninstall/disable/reconfigure the blocking application
1:59:52 PM  [Apache] 	or reconfigure Apache and the Control Panel to listen on a different port
1:59:52 PM  [main] 	Starting Check-Timer
1:59:52 PM  [main] 	Control Panel Ready
1:59:54 PM  [Apache] 	Problem detected!
1:59:54 PM  [Apache] 	Port 80 in use by "Unable to open process" with PID 4!
1:59:54 PM  [Apache] 	Apache WILL NOT start without the configured ports free!
1:59:54 PM  [Apache] 	You need to uninstall/disable/reconfigure the blocking application
1:59:54 PM  [Apache] 	or reconfigure Apache and the Control Panel to listen on a different port
1:59:54 PM  [Apache] 	Attempting to start Apache app...
1:59:54 PM  [Apache] 	Status change detected: running
1:59:54 PM  [mysql] 	Attempting to start MySQL app...
1:59:55 PM  [mysql] 	Status change detected: running
3:48:26 PM  [Apache] 	Attempting to stop Apache (PID: 5480)
3:48:26 PM  [Apache] 	Attempting to stop Apache (PID: 5296)
3:48:26 PM  [Apache] 	Status change detected: stopped
3:48:26 PM  [mysql] 	Attempting to stop MySQL app...
3:48:27 PM  [mysql] 	Status change detected: stopped
7:55:47 PM  [main] 	Deinitializing Modules
7:55:47 PM  [main] 	Deinitializing Control Panel

10:54:09 AM  [main] 	Initializing Control Panel
10:54:09 AM  [main] 	Windows Version:  Enterprise  64-bit
10:54:09 AM  [main] 	XAMPP Version: 7.2.26
10:54:09 AM  [main] 	Control Panel Version: 3.2.4  [ Compiled: Jun 5th 2019 ]
10:54:09 AM  [main] 	You are not running with administrator rights! This will work for
10:54:09 AM  [main] 	most application stuff but whenever you do something with services
10:54:09 AM  [main] 	there will be a security dialogue or things will break! So think 
10:54:09 AM  [main] 	about running this application with administrator rights!
10:54:09 AM  [main] 	XAMPP Installation Directory: "c:\xam\"
10:54:09 AM  [main] 	Checking for prerequisites
10:54:11 AM  [main] 	All prerequisites found
10:54:11 AM  [main] 	Initializing Modules
10:54:11 AM  [Apache] 	Problem detected!
10:54:11 AM  [Apache] 	Port 80 in use by "Unable to open process" with PID 4!
10:54:11 AM  [Apache] 	Apache WILL NOT start without the configured ports free!
10:54:11 AM  [Apache] 	You need to uninstall/disable/reconfigure the blocking application
10:54:11 AM  [Apache] 	or reconfigure Apache and the Control Panel to listen on a different port
10:54:11 AM  [main] 	Starting Check-Timer
10:54:11 AM  [main] 	Control Panel Ready
10:54:13 AM  [Apache] 	Problem detected!
10:54:13 AM  [Apache] 	Port 80 in use by "Unable to open process" with PID 4!
10:54:13 AM  [Apache] 	Apache WILL NOT start without the configured ports free!
10:54:13 AM  [Apache] 	You need to uninstall/disable/reconfigure the blocking application
10:54:13 AM  [Apache] 	or reconfigure Apache and the Control Panel to listen on a different port
10:54:13 AM  [Apache] 	Attempting to start Apache app...
10:54:13 AM  [Apache] 	Status change detected: running
10:54:13 AM  [mysql] 	Attempting to start MySQL app...
10:54:13 AM  [mysql] 	Status change detected: running
12:20:38 PM  [Apache] 	Attempting to stop Apache (PID: 10208)
12:20:38 PM  [Apache] 	Attempting to stop Apache (PID: 14948)
12:20:38 PM  [Apache] 	Status change detected: stopped
12:20:38 PM  [mysql] 	Attempting to stop MySQL app...
12:20:39 PM  [mysql] 	Status change detected: stopped
10:30:51 PM  [Apache] 	Status change detected: running
10:30:52 PM  [mysql] 	Status change detected: running
11:51:19 PM  [Apache] 	Status change detected: stopped
11:51:20 PM  [mysql] 	Status change detected: stopped
1:59:54 PM  [Apache] 	Status change detected: running
1:59:55 PM  [mysql] 	Status change detected: running
3:48:26 PM  [Apache] 	Status change detected: stopped
3:48:27 PM  [mysql] 	Status change detected: stopped
7:55:50 PM  [main] 	Deinitializing Modules
7:55:50 PM  [main] 	Deinitializing Control Panel

10:54:08 AM  [main] 	Initializing Control Panel
10:54:08 AM  [main] 	Windows Version:  Enterprise  64-bit
10:54:08 AM  [main] 	XAMPP Version: 7.2.26
10:54:08 AM  [main] 	Control Panel Version: 3.2.4  [ Compiled: Jun 5th 2019 ]
10:54:08 AM  [main] 	You are not running with administrator rights! This will work for
10:54:08 AM  [main] 	most application stuff but whenever you do something with services
10:54:08 AM  [main] 	there will be a security dialogue or things will break! So think 
10:54:08 AM  [main] 	about running this application with administrator rights!
10:54:08 AM  [main] 	XAMPP Installation Directory: "c:\xam\"
10:54:08 AM  [main] 	Checking for prerequisites
10:54:11 AM  [main] 	All prerequisites found
10:54:11 AM  [main] 	Initializing Modules
10:54:11 AM  [Apache] 	Problem detected!
10:54:11 AM  [Apache] 	Port 80 in use by "Unable to open process" with PID 4!
10:54:11 AM  [Apache] 	Apache WILL NOT start without the configured ports free!
10:54:11 AM  [Apache] 	You need to uninstall/disable/reconfigure the blocking application
10:54:11 AM  [Apache] 	or reconfigure Apache and the Control Panel to listen on a different port
10:54:11 AM  [main] 	Starting Check-Timer
10:54:11 AM  [main] 	Control Panel Ready
10:54:13 AM  [Apache] 	Status change detected: running
10:54:13 AM  [mysql] 	Status change detected: running
12:20:38 PM  [Apache] 	Status change detected: stopped
12:20:38 PM  [Apache] 	Error: Apache shutdown unexpectedly.
12:20:38 PM  [Apache] 	This may be due to a blocked port, missing dependencies, 
12:20:38 PM  [Apache] 	improper privileges, a crash, or a shutdown by another method.
12:20:38 PM  [Apache] 	Press the Logs button to view error logs and check
12:20:38 PM  [Apache] 	the Windows Event Viewer for more clues
12:20:38 PM  [Apache] 	If you need more help, copy and post this
12:20:38 PM  [Apache] 	entire log window on the forums
12:20:39 PM  [mysql] 	Status change detected: stopped
12:20:39 PM  [mysql] 	Error: MySQL shutdown unexpectedly.
12:20:39 PM  [mysql] 	This may be due to a blocked port, missing dependencies, 
12:20:39 PM  [mysql] 	improper privileges, a crash, or a shutdown by another method.
12:20:39 PM  [mysql] 	Press the Logs button to view error logs and check
12:20:39 PM  [mysql] 	the Windows Event Viewer for more clues
12:20:39 PM  [mysql] 	If you need more help, copy and post this
12:20:39 PM  [mysql] 	entire log window on the forums
10:30:51 PM  [Apache] 	Status change detected: running
10:30:52 PM  [mysql] 	Status change detected: running
11:51:19 PM  [Apache] 	Status change detected: stopped
11:51:19 PM  [Apache] 	Error: Apache shutdown unexpectedly.
11:51:19 PM  [Apache] 	This may be due to a blocked port, missing dependencies, 
11:51:19 PM  [Apache] 	improper privileges, a crash, or a shutdown by another method.
11:51:19 PM  [Apache] 	Press the Logs button to view error logs and check
11:51:19 PM  [Apache] 	the Windows Event Viewer for more clues
11:51:19 PM  [Apache] 	If you need more help, copy and post this
11:51:19 PM  [Apache] 	entire log window on the forums
11:51:20 PM  [mysql] 	Status change detected: stopped
11:51:20 PM  [mysql] 	Error: MySQL shutdown unexpectedly.
11:51:20 PM  [mysql] 	This may be due to a blocked port, missing dependencies, 
11:51:20 PM  [mysql] 	improper privileges, a crash, or a shutdown by another method.
11:51:20 PM  [mysql] 	Press the Logs button to view error logs and check
11:51:20 PM  [mysql] 	the Windows Event Viewer for more clues
11:51:20 PM  [mysql] 	If you need more help, copy and post this
11:51:20 PM  [mysql] 	entire log window on the forums
1:59:54 PM  [Apache] 	Status change detected: running
1:59:55 PM  [mysql] 	Status change detected: running
3:48:26 PM  [Apache] 	Status change detected: stopped
3:48:26 PM  [Apache] 	Error: Apache shutdown unexpectedly.
3:48:26 PM  [Apache] 	This may be due to a blocked port, missing dependencies, 
3:48:26 PM  [Apache] 	improper privileges, a crash, or a shutdown by another method.
3:48:26 PM  [Apache] 	Press the Logs button to view error logs and check
3:48:26 PM  [Apache] 	the Windows Event Viewer for more clues
3:48:26 PM  [Apache] 	If you need more help, copy and post this
3:48:26 PM  [Apache] 	entire log window on the forums
3:48:27 PM  [mysql] 	Status change detected: stopped
3:48:27 PM  [mysql] 	Error: MySQL shutdown unexpectedly.
3:48:27 PM  [mysql] 	This may be due to a blocked port, missing dependencies, 
3:48:27 PM  [mysql] 	improper privileges, a crash, or a shutdown by another method.
3:48:27 PM  [mysql] 	Press the Logs button to view error logs and check
3:48:27 PM  [mysql] 	the Windows Event Viewer for more clues
3:48:27 PM  [mysql] 	If you need more help, copy and post this
3:48:27 PM  [mysql] 	entire log window on the forums
7:56:00 PM  [main] 	Deinitializing Modules
7:56:00 PM  [main] 	Deinitializing Control Panel

9:49:12 PM  [main] 	Initializing Control Panel
9:49:12 PM  [main] 	Windows Version:  Enterprise  64-bit
9:49:12 PM  [main] 	XAMPP Version: 7.2.26
9:49:12 PM  [main] 	Control Panel Version: 3.2.4  [ Compiled: Jun 5th 2019 ]
9:49:12 PM  [main] 	You are not running with administrator rights! This will work for
9:49:12 PM  [main] 	most application stuff but whenever you do something with services
9:49:12 PM  [main] 	there will be a security dialogue or things will break! So think 
9:49:12 PM  [main] 	about running this application with administrator rights!
9:49:12 PM  [main] 	XAMPP Installation Directory: "c:\xam\"
9:49:12 PM  [main] 	Checking for prerequisites
9:49:24 PM  [main] 	All prerequisites found
9:49:24 PM  [main] 	Initializing Modules
9:49:24 PM  [Apache] 	Problem detected!
9:49:24 PM  [Apache] 	Port 80 in use by "Unable to open process" with PID 4!
9:49:24 PM  [Apache] 	Apache WILL NOT start without the configured ports free!
9:49:24 PM  [Apache] 	You need to uninstall/disable/reconfigure the blocking application
9:49:24 PM  [Apache] 	or reconfigure Apache and the Control Panel to listen on a different port
9:49:24 PM  [main] 	Starting Check-Timer
9:49:24 PM  [main] 	Control Panel Ready
9:49:35 PM  [Apache] 	Problem detected!
9:49:35 PM  [Apache] 	Port 80 in use by "Unable to open process" with PID 4!
9:49:35 PM  [Apache] 	Apache WILL NOT start without the configured ports free!
9:49:35 PM  [Apache] 	You need to uninstall/disable/reconfigure the blocking application
9:49:35 PM  [Apache] 	or reconfigure Apache and the Control Panel to listen on a different port
9:49:35 PM  [Apache] 	Attempting to start Apache app...
9:49:35 PM  [Apache] 	Status change detected: running
9:49:37 PM  [mysql] 	Attempting to start MySQL app...
9:49:37 PM  [mysql] 	Status change detected: running
11:16:42 PM  [Apache] 	Status change detected: stopped
11:16:42 PM  [Apache] 	Error: Apache shutdown unexpectedly.
11:16:42 PM  [Apache] 	This may be due to a blocked port, missing dependencies, 
11:16:42 PM  [Apache] 	improper privileges, a crash, or a shutdown by another method.
11:16:42 PM  [Apache] 	Press the Logs button to view error logs and check
11:16:42 PM  [Apache] 	the Windows Event Viewer for more clues
11:16:42 PM  [Apache] 	If you need more help, copy and post this
11:16:42 PM  [Apache] 	entire log window on the forums
11:16:42 PM  [mysql] 	Status change detected: stopped
11:16:42 PM  [mysql] 	Error: MySQL shutdown unexpectedly.
11:16:42 PM  [mysql] 	This may be due to a blocked port, missing dependencies, 
11:16:42 PM  [mysql] 	improper privileges, a crash, or a shutdown by another method.
11:16:42 PM  [mysql] 	Press the Logs button to view error logs and check
11:16:42 PM  [mysql] 	the Windows Event Viewer for more clues
11:16:42 PM  [mysql] 	If you need more help, copy and post this
11:16:42 PM  [mysql] 	entire log window on the forums
11:16:42 PM  [main] 	Deinitializing Modules
11:16:42 PM  [main] 	Deinitializing Control Panel

4:41:30 PM  [main] 	Initializing Control Panel
4:41:30 PM  [main] 	Windows Version:  Enterprise  64-bit
4:41:30 PM  [main] 	XAMPP Version: 7.2.26
4:41:30 PM  [main] 	Control Panel Version: 3.2.4  [ Compiled: Jun 5th 2019 ]
4:41:30 PM  [main] 	You are not running with administrator rights! This will work for
4:41:30 PM  [main] 	most application stuff but whenever you do something with services
4:41:30 PM  [main] 	there will be a security dialogue or things will break! So think 
4:41:30 PM  [main] 	about running this application with administrator rights!
4:41:30 PM  [main] 	XAMPP Installation Directory: "c:\xam\"
4:41:31 PM  [main] 	Checking for prerequisites
4:41:36 PM  [main] 	All prerequisites found
4:41:36 PM  [main] 	Initializing Modules
4:41:36 PM  [Apache] 	Problem detected!
4:41:36 PM  [Apache] 	Port 80 in use by "Unable to open process" with PID 4!
4:41:36 PM  [Apache] 	Apache WILL NOT start without the configured ports free!
4:41:36 PM  [Apache] 	You need to uninstall/disable/reconfigure the blocking application
4:41:36 PM  [Apache] 	or reconfigure Apache and the Control Panel to listen on a different port
4:41:36 PM  [main] 	Starting Check-Timer
4:41:36 PM  [main] 	Control Panel Ready
4:42:04 PM  [Apache] 	Problem detected!
4:42:04 PM  [Apache] 	Port 80 in use by "Unable to open process" with PID 4!
4:42:04 PM  [Apache] 	Apache WILL NOT start without the configured ports free!
4:42:05 PM  [Apache] 	You need to uninstall/disable/reconfigure the blocking application
4:42:05 PM  [Apache] 	or reconfigure Apache and the Control Panel to listen on a different port
4:42:05 PM  [Apache] 	Attempting to start Apache app...
4:42:05 PM  [Apache] 	Status change detected: running
4:42:05 PM  [mysql] 	Attempting to start MySQL app...
4:42:06 PM  [mysql] 	Status change detected: running
1:27:51 AM  [Apache] 	Attempting to stop Apache (PID: 1420)
1:27:51 AM  [Apache] 	Attempting to stop Apache (PID: 836)
1:27:52 AM  [mysql] 	Attempting to stop MySQL app...
1:27:52 AM  [mysql] 	Status change detected: stopped
1:27:53 AM  [Apache] 	Status change detected: stopped
1:28:11 AM  [main] 	Deinitializing Modules
1:28:11 AM  [main] 	Deinitializing Control Panel

